<?xml version="1.0" encoding="UTF-8"?>
<testsuite xmlns:xsi="http://www.w3.org/2001/XMLSchema-instance" xsi:noNamespaceSchemaLocation="https://maven.apache.org/surefire/maven-surefire-plugin/xsd/surefire-test-report.xsd" name="es.codeurjc.ais.nitflex.film.FilmServiceTest" time="0.192" tests="3" errors="0" skipped="0" failures="0">
  <properties>
[...]
</properties>
  <testcase name="saveTest" classname="es.codeurjc.ais.nitflex.film.FilmServiceTest" time="0.038"/>
  <testcase name="getAllFilmTest" classname="es.codeurjc.ais.nitflex.film.FilmServiceTest" time="0.006"/>
  <testcase name="deleteTest" classname="es.codeurjc.ais.nitflex.film.FilmServiceTest" time="0.008"/>
</testsuite>