<?xml version="1.0" encoding="UTF-8"?>
<testsuite xmlns:xsi="http://www.w3.org/2001/XMLSchema-instance" xsi:noNamespaceSchemaLocation="https://maven.apache.org/surefire/maven-surefire-plugin/xsd/surefire-test-report.xsd" name="es.codeurjc.ais.nitflex.E2EFilm2Test" time="10.744" tests="1" errors="1" skipped="0" failures="0">
  <properties>
[...]
</properties>
  <testcase name="createfilm" classname="es.codeurjc.ais.nitflex.E2EFilm2Test" time="5.419">
    <error message="Connection refused: connect" type="java.net.ConnectException">java.net.ConnectException: Connection refused: connect
	at es.codeurjc.ais.nitflex.E2EFilm2Test.createfilm(E2EFilm2Test.java:26)
</error>
    <system-out><![CDATA[16:54:54.806 [main] DEBUG org.springframework.test.context.BootstrapUtils - Instantiating CacheAwareContextLoaderDelegate from class [org.springframework.test.context.cache.DefaultCacheAwareContextLoaderDelegate]
16:54:54.821 [main] DEBUG org.springframework.test.context.BootstrapUtils - Instantiating BootstrapContext using constructor [public org.springframework.test.context.support.DefaultBootstrapContext(java.lang.Class,org.springframework.test.context.CacheAwareContextLoaderDelegate)]
16:54:54.866 [main] DEBUG org.springframework.test.context.BootstrapUtils - Instantiating TestContextBootstrapper for test class [es.codeurjc.ais.nitflex.E2EFilm2Test] from class [org.springframework.boot.test.context.SpringBootTestContextBootstrapper]
16:54:54.881 [main] INFO org.springframework.boot.test.context.SpringBootTestContextBootstrapper - Neither @ContextConfiguration nor @ContextHierarchy found for test class [es.codeurjc.ais.nitflex.E2EFilm2Test], using SpringBootContextLoader
16:54:54.887 [main] DEBUG org.springframework.test.context.support.AbstractContextLoader - Did not detect default resource location for test class [es.codeurjc.ais.nitflex.E2EFilm2Test]: class path resource [es/codeurjc/ais/nitflex/E2EFilm2Test-context.xml] does not exist
16:54:54.888 [main] DEBUG org.springframework.test.context.support.AbstractContextLoader - Did not detect default resource location for test class [es.codeurjc.ais.nitflex.E2EFilm2Test]: class path resource [es/codeurjc/ais/nitflex/E2EFilm2TestContext.groovy] does not exist
16:54:54.888 [main] INFO org.springframework.test.context.support.AbstractContextLoader - Could not detect default resource locations for test class [es.codeurjc.ais.nitflex.E2EFilm2Test]: no resource found for suffixes {-context.xml, Context.groovy}.
16:54:54.944 [main] DEBUG org.springframework.test.context.support.ActiveProfilesUtils - Could not find an 'annotation declaring class' for annotation type [org.springframework.test.context.ActiveProfiles] and class [es.codeurjc.ais.nitflex.E2EFilm2Test]
16:54:55.074 [main] DEBUG org.springframework.boot.test.context.SpringBootTestContextBootstrapper - @TestExecutionListeners is not present for class [es.codeurjc.ais.nitflex.E2EFilm2Test]: using defaults.
16:54:55.075 [main] INFO org.springframework.boot.test.context.SpringBootTestContextBootstrapper - Loaded default TestExecutionListener class names from location [META-INF/spring.factories]: [org.springframework.boot.test.mock.mockito.MockitoTestExecutionListener, org.springframework.boot.test.mock.mockito.ResetMocksTestExecutionListener, org.springframework.boot.test.autoconfigure.restdocs.RestDocsTestExecutionListener, org.springframework.boot.test.autoconfigure.web.client.MockRestServiceServerResetTestExecutionListener, org.springframework.boot.test.autoconfigure.web.servlet.MockMvcPrintOnlyOnFailureTestExecutionListener, org.springframework.boot.test.autoconfigure.web.servlet.WebDriverTestExecutionListener, org.springframework.boot.test.autoconfigure.webservices.client.MockWebServiceServerTestExecutionListener, org.springframework.test.context.web.ServletTestExecutionListener, org.springframework.test.context.support.DirtiesContextBeforeModesTestExecutionListener, org.springframework.test.context.event.ApplicationEventsTestExecutionListener, org.springframework.test.context.support.DependencyInjectionTestExecutionListener, org.springframework.test.context.support.DirtiesContextTestExecutionListener, org.springframework.test.context.transaction.TransactionalTestExecutionListener, org.springframework.test.context.jdbc.SqlScriptsTestExecutionListener, org.springframework.test.context.event.EventPublishingTestExecutionListener]
16:54:55.101 [main] INFO org.springframework.boot.test.context.SpringBootTestContextBootstrapper - Using TestExecutionListeners: [org.springframework.test.context.web.ServletTestExecutionListener@573906eb, org.springframework.test.context.support.DirtiesContextBeforeModesTestExecutionListener@479ceda0, org.springframework.test.context.event.ApplicationEventsTestExecutionListener@6d07a63d, org.springframework.boot.test.mock.mockito.MockitoTestExecutionListener@571c5681, org.springframework.boot.test.autoconfigure.SpringBootDependencyInjectionTestExecutionListener@488d1cd7, org.springframework.test.context.support.DirtiesContextTestExecutionListener@68dc098b, org.springframework.test.context.transaction.TransactionalTestExecutionListener@38ba6ce3, org.springframework.test.context.jdbc.SqlScriptsTestExecutionListener@d278d2b, org.springframework.test.context.event.EventPublishingTestExecutionListener@2d6c53fc, org.springframework.boot.test.mock.mockito.ResetMocksTestExecutionListener@25f4878b, org.springframework.boot.test.autoconfigure.restdocs.RestDocsTestExecutionListener@4e423aa2, org.springframework.boot.test.autoconfigure.web.client.MockRestServiceServerResetTestExecutionListener@7fbdb894, org.springframework.boot.test.autoconfigure.web.servlet.MockMvcPrintOnlyOnFailureTestExecutionListener@3081f72c, org.springframework.boot.test.autoconfigure.web.servlet.WebDriverTestExecutionListener@3148f668, org.springframework.boot.test.autoconfigure.webservices.client.MockWebServiceServerTestExecutionListener@6e005dc9]
16:54:55.106 [main] DEBUG org.springframework.test.context.support.AbstractDirtiesContextTestExecutionListener - Before test class: context [DefaultTestContext@41ab013 testClass = E2EFilm2Test, testInstance = [null], testMethod = [null], testException = [null], mergedContextConfiguration = [WebMergedContextConfiguration@14bee915 testClass = E2EFilm2Test, locations = '{}', classes = '{class es.codeurjc.ais.nitflex.Application}', contextInitializerClasses = '[]', activeProfiles = '{}', propertySourceLocations = '{}', propertySourceProperties = '{org.springframework.boot.test.context.SpringBootTestContextBootstrapper=true}', contextCustomizers = set[org.springframework.boot.test.context.filter.ExcludeFilterContextCustomizer@22ef9844, org.springframework.boot.test.json.DuplicateJsonObjectContextCustomizerFactory$DuplicateJsonObjectContextCustomizer@3f6b0be5, org.springframework.boot.test.mock.mockito.MockitoContextCustomizer@0, org.springframework.boot.test.web.client.TestRestTemplateContextCustomizer@74751b3, org.springframework.boot.test.autoconfigure.actuate.metrics.MetricsExportContextCustomizerFactory$DisableMetricExportContextCustomizer@2ed2d9cb, org.springframework.boot.test.autoconfigure.properties.PropertyMappingContextCustomizer@0, org.springframework.boot.test.autoconfigure.web.servlet.WebDriverContextCustomizerFactory$Customizer@4dbb42b7, org.springframework.boot.test.context.SpringBootTestArgs@1, org.springframework.boot.test.context.SpringBootTestWebEnvironment@59906517], resourceBasePath = 'src/main/webapp', contextLoader = 'org.springframework.boot.test.context.SpringBootContextLoader', parent = [null]], attributes = map['org.springframework.test.context.web.ServletTestExecutionListener.activateListener' -> true]], class annotated with @DirtiesContext [false] with mode [null].

  .   ____          _            __ _ _
 /\\ / ___'_ __ _ _(_)_ __  __ _ \ \ \ \
( ( )\___ | '_ | '_| | '_ \/ _` | \ \ \ \
 \\/  ___)| |_)| | | | | || (_| |  ) ) ) )
  '  |____| .__|_| |_|_| |_\__, | / / / /
 =========|_|==============|___/=/_/_/_/
 :: Spring Boot ::                (v2.6.3)

2022-03-14 16:54:55.502  INFO 629144 --- [           main] es.codeurjc.ais.nitflex.E2EFilm2Test     : Starting E2EFilm2Test using Java 15.0.2 on DESKTOP-DK4FCPG with PID 629144 (started by Daniel in C:\Clases\Alejandro\AIS-Practica-1-2022-enunciado)
2022-03-14 16:54:55.503  INFO 629144 --- [           main] es.codeurjc.ais.nitflex.E2EFilm2Test     : No active profile set, falling back to default profiles: default
2022-03-14 16:54:56.496  INFO 629144 --- [           main] .s.d.r.c.RepositoryConfigurationDelegate : Bootstrapping Spring Data JPA repositories in DEFAULT mode.
2022-03-14 16:54:56.550  INFO 629144 --- [           main] .s.d.r.c.RepositoryConfigurationDelegate : Finished Spring Data repository scanning in 46 ms. Found 1 JPA repository interfaces.
2022-03-14 16:54:57.233  INFO 629144 --- [           main] com.zaxxer.hikari.HikariDataSource       : HikariPool-1 - Starting...
2022-03-14 16:54:57.429  INFO 629144 --- [           main] com.zaxxer.hikari.HikariDataSource       : HikariPool-1 - Start completed.
2022-03-14 16:54:57.510  INFO 629144 --- [           main] o.hibernate.jpa.internal.util.LogHelper  : HHH000204: Processing PersistenceUnitInfo [name: default]
2022-03-14 16:54:57.599  INFO 629144 --- [           main] org.hibernate.Version                    : HHH000412: Hibernate ORM core version 5.6.4.Final
2022-03-14 16:54:57.799  INFO 629144 --- [           main] o.hibernate.annotations.common.Version   : HCANN000001: Hibernate Commons Annotations {5.1.2.Final}
2022-03-14 16:54:57.968  INFO 629144 --- [           main] org.hibernate.dialect.Dialect            : HHH000400: Using dialect: org.hibernate.dialect.H2Dialect
2022-03-14 16:54:58.708  INFO 629144 --- [           main] o.h.e.t.j.p.i.JtaPlatformInitiator       : HHH000490: Using JtaPlatform implementation: [org.hibernate.engine.transaction.jta.platform.internal.NoJtaPlatform]
2022-03-14 16:54:58.719  INFO 629144 --- [           main] j.LocalContainerEntityManagerFactoryBean : Initialized JPA EntityManagerFactory for persistence unit 'default'
2022-03-14 16:54:59.381  WARN 629144 --- [           main] JpaBaseConfiguration$JpaWebConfiguration : spring.jpa.open-in-view is enabled by default. Therefore, database queries may be performed during view rendering. Explicitly configure spring.jpa.open-in-view to disable this warning
2022-03-14 16:55:00.054  INFO 629144 --- [           main] es.codeurjc.ais.nitflex.E2EFilm2Test     : Started E2EFilm2Test in 4.903 seconds (JVM running for 5.958)
]]></system-out>
  </testcase>
</testsuite>